<?xml version="1.0" encoding="UTF-8"?>
<!-- Generated by org.testng.reporters.JUnitReportReporter -->
<testsuite hostname="metro" failures="0" tests="4" name="api.tests.TestCrudAPIs" time="5.497" errors="0" timestamp="2023-12-23T13:02:56 EET" skipped="0">
  <testcase classname="api.tests.TestCrudAPIs" name="testPostUser" time="2.362"/>
  <testcase classname="api.tests.TestCrudAPIs" name="testGetUserByName" time="0.823"/>
  <testcase classname="api.tests.TestCrudAPIs" name="testUpdateUserByName" time="1.527"/>
  <testcase classname="api.tests.TestCrudAPIs" name="testDeleteUserByName" time="0.785"/>
</testsuite> <!-- api.tests.TestCrudAPIs -->
