<?xml version="1.0" encoding="UTF-8"?>
<!-- Generated by org.testng.reporters.JUnitReportReporter -->
<testsuite hostname="5H5BCK3" failures="0" tests="4" name="api.tests.TestCrudAPIs" time="18.080" errors="0" timestamp="2023-12-23T08:22:01 EET" skipped="0">
  <testcase classname="api.tests.TestCrudAPIs" name="testPostUser" time="6.600"/>
  <testcase classname="api.tests.TestCrudAPIs" name="testGetUserByName" time="5.546"/>
  <testcase classname="api.tests.TestCrudAPIs" name="testUpdateUserByName" time="3.170"/>
  <testcase classname="api.tests.TestCrudAPIs" name="testDeleteUserByName" time="2.764"/>
</testsuite> <!-- api.tests.TestCrudAPIs -->
